MeWannaPlayAndroidClient/proguard/seeds.txt
com.mewannaplay.ScrollingTextView
com.mewannaplay.ScrollingTextView: ScrollingTextView(android.content.Context,android.util.AttributeSet)
com.mewannaplay.ScrollingTextView
com.mewannaplay.ScrollingTextView: ScrollingTextView(android.content.Context,android.util.AttributeSet,int)
com.mewannaplay.R$layout: int balloon_overlay
com.mewannaplay.R$layout: int child_layout_activities
com.mewannaplay.R$layout: int child_layout_ameneties_services
com.mewannaplay.R$layout: int court_details_layout
com.mewannaplay.R$layout: int court_message_row
com.mewannaplay.R$layout: int group_layout_activities
com.mewannaplay.R$layout: int group_layout_ameneties_services
com.mewannaplay.R$layout: int info
com.mewannaplay.R$layout: int login_activity
com.mewannaplay.R$layout: int mapviewlayout
com.mewannaplay.R$layout: int new_user_registeration_layout
com.mewannaplay.R$layout: int post_message_layout
com.mewannaplay.R$layout: int splash
com.mewannaplay.R$layout: int state_city_choice_layout
com.mewannaplay.R$layout: int timeslider
com.mewannaplay.R$layout: int view_message_layout
com.mewannaplay.R$xml: int authenticator
com.mewannaplay.R$xml: int syncadapter
com.mewannaplay.R$styleable: int[] ScrollLayout
com.mewannaplay.R$styleable: int ScrollLayout_childHeight
com.mewannaplay.R$styleable: int ScrollLayout_childWidth
com.mewannaplay.R$styleable: int ScrollLayout_labelerClass
com.mewannaplay.R$styleable: int ScrollLayout_labelerFormat
com.mewannaplay.R$array: int level_arrays
com.mewannaplay.R$array: int players_needed
com.mewannaplay.R$array: int statess_array
com.mewannaplay.R$menu: int map_activity_menu
com.mewannaplay.R$string: int activites
com.mewannaplay.R$string: int ameneties_and_services
com.mewannaplay.R$string: int anonymous_login
com.mewannaplay.R$string: int apiKey
com.mewannaplay.R$string: int app_name
com.mewannaplay.R$string: int back_button_label
com.mewannaplay.R$string: int cancel_button_label
com.mewannaplay.R$string: int current_location
com.mewannaplay.R$string: int label
com.mewannaplay.R$string: int level_prompt
com.mewannaplay.R$string: int login_activity_loginfail_text_both
com.mewannaplay.R$string: int login_activity_loginfail_text_pwmissing
com.mewannaplay.R$string: int login_activity_loginfail_text_pwonly
com.mewannaplay.R$string: int login_activity_newaccount_text
com.mewannaplay.R$string: int login_activity_ok_button
com.mewannaplay.R$string: int login_activity_password_label
com.mewannaplay.R$string: int login_activity_username_label
com.mewannaplay.R$string: int logout
com.mewannaplay.R$string: int main_no_items
com.mewannaplay.R$string: int players_needed_prompt
com.mewannaplay.R$string: int profile_action
com.mewannaplay.R$string: int sign_in_button_label
com.mewannaplay.R$string: int state_prompt
com.mewannaplay.R$string: int ui_activity_authenticating
com.mewannaplay.R$string: int ui_activity_title
com.mewannaplay.R$string: int view_profile
...
com.google.gson.internal.bind.TypeAdapter: TypeAdapter()
com.google.gson.internal.bind.TypeAdapter: java.lang.Object read(com.google.gson.stream.JsonReader)
com.google.gson.internal.bind.TypeAdapter: void write(com.google.gson.stream.JsonWriter,java.lang.Object)
com.google.gson.internal.bind.TypeAdapter: java.lang.String toJson(java.lang.Object)
com.google.gson.internal.bind.TypeAdapter: void write(java.io.Writer,java.lang.Object)
com.google.gson.internal.bind.TypeAdapter: java.lang.Object fromJson(java.lang.String)
com.google.gson.internal.bind.TypeAdapter: java.lang.Object read(java.io.Reader)
com.google.gson.internal.bind.TypeAdapter: com.google.gson.JsonElement toJsonElement(java.lang.Object)
com.google.gson.internal.bind.TypeAdapter: java.lang.Object fromJsonElement(com.google.gson.JsonElement)
com.google.gson.internal.$Gson$Types$ParameterizedTypeImpl
com.google.gson.internal.$Gson$Types$ParameterizedTypeImpl: java.lang.reflect.Type ownerType
com.google.gson.internal.$Gson$Types$ParameterizedTypeImpl: java.lang.reflect.Type rawType
com.google.gson.internal.$Gson$Types$ParameterizedTypeImpl: java.lang.reflect.Type[] typeArguments
com.google.gson.internal.$Gson$Types$ParameterizedTypeImpl: long serialVersionUID
com.google.gson.internal.$Gson$Types$ParameterizedTypeImpl: $Gson$Types$ParameterizedTypeImpl(java.lang.reflect.Type,java.lang.reflect.Type,java.lang.reflect.Type[])
com.google.gson.internal.$Gson$Types$ParameterizedTypeImpl: java.lang.reflect.Type[] getActualTypeArguments()
com.google.gson.internal.$Gson$Types$ParameterizedTypeImpl: java.lang.reflect.Type getRawType()
com.google.gson.internal.$Gson$Types$ParameterizedTypeImpl: java.lang.reflect.Type getOwnerType()
com.google.gson.internal.$Gson$Types$ParameterizedTypeImpl: boolean equals(java.lang.Object)
com.google.gson.internal.$Gson$Types$ParameterizedTypeImpl: int hashCode()
com.google.gson.internal.$Gson$Types$ParameterizedTypeImpl: java.lang.String toString()
com.google.gson.internal.bind.SqlDateTypeAdapter
com.google.gson.internal.bind.SqlDateTypeAdapter: com.google.gson.internal.bind.TypeAdapter$Factory FACTORY
com.google.gson.internal.bind.SqlDateTypeAdapter: java.text.DateFormat format
com.google.gson.internal.bind.SqlDateTypeAdapter: SqlDateTypeAdapter()
com.google.gson.internal.bind.SqlDateTypeAdapter: java.sql.Date read(com.google.gson.stream.JsonReader)
com.google.gson.internal.bind.SqlDateTypeAdapter: void write(com.google.gson.stream.JsonWriter,java.sql.Date)
com.google.gson.internal.bind.SqlDateTypeAdapter: void write(com.google.gson.stream.JsonWriter,java.lang.Object)
com.google.gson.internal.bind.SqlDateTypeAdapter: java.lang.Object read(com.google.gson.stream.JsonReader)
com.google.gson.internal.bind.SqlDateTypeAdapter: void <clinit>()
com.google.gson.internal.bind.TypeAdapter: TypeAdapter()
com.google.gson.internal.bind.TypeAdapter: java.lang.Object read(com.google.gson.stream.JsonReader)
com.google.gson.internal.bind.TypeAdapter: void write(com.google.gson.stream.JsonWriter,java.lang.Object)
com.google.gson.internal.bind.TypeAdapter: java.lang.String toJson(java.lang.Object)
com.google.gson.internal.bind.TypeAdapter: void write(java.io.Writer,java.lang.Object)
com.google.gson.internal.bind.TypeAdapter: java.lang.Object fromJson(java.lang.String)
com.google.gson.internal.bind.TypeAdapter: java.lang.Object read(java.io.Reader)
com.google.gson.internal.bind.TypeAdapter: com.google.gson.JsonElement toJsonElement(java.lang.Object)
com.google.gson.internal.bind.TypeAdapter: java.lang.Object fromJsonElement(com.google.gson.JsonElement)