MeWannaPlayAndroidClient/proguard/mapping.txt
com.mewannaplay.Constants -> com.mewannaplay.Constants:
    java.lang.String ACCOUNT_TYPE -> ACCOUNT_TYPE
    java.lang.String AUTHTOKEN_TYPE -> AUTHTOKEN_TYPE
    java.lang.String ANONYMOUS_USER -> ANONYMOUS_USER
    java.lang.String FORGOT_PASSWORD_URL -> FORGOT_PASSWORD_URL
    java.lang.String BASE_URL -> BASE_URL
    java.lang.String GET_ALL_TENNISCOURTS -> GET_ALL_TENNISCOURTS
    java.lang.String GET_TENNISCOURT_DETAILS -> GET_TENNISCOURT_DETAILS
    java.lang.String GET_TENNISCOURT_MESSAGES -> GET_TENNISCOURT_MESSAGES
    java.lang.String ADD_USER -> ADD_USER
    java.lang.String LOGIN -> LOGIN
    java.lang.String LOGOUT -> LOGOUT
    java.lang.String PARTNERFOUND -> PARTNERFOUND
    java.lang.String GET_ALL_CITIES -> GET_ALL_CITIES
    java.lang.String POST_MESSAGE -> POST_MESSAGE
    java.lang.String DELETE_MESSAGE -> DELETE_MESSAGE
    java.lang.String MARK_COURT_OCCUPIED -> MARK_COURT_OCCUPIED
    java.lang.String GET_OCCUPIED_COURT_AND_POSTED_MSG -> GET_OCCUPIED_COURT_AND_POSTED_MSG
    java.lang.String GET_TENNISCOURT_MESSAGE_BY_COURTID -> GET_TENNISCOURT_MESSAGE_BY_COURTID
    java.lang.String GET_TENNIS_COURT_STATS -> GET_TENNIS_COURT_STATS
    int password_salt_length -> password_salt_length
    float PROXIMITY -> PROXIMITY
com.mewannaplay.Constants$ACTIVITY -> com.mewannaplay.Constants$ACTIVITY:
    com.mewannaplay.Constants$ACTIVITY NEW_PLAYER_ADULT_PROGRAM -> NEW_PLAYER_ADULT_PROGRAM
    com.mewannaplay.Constants$ACTIVITY NEW_PLAYER_JUNIOR_PROGRAM -> NEW_PLAYER_JUNIOR_PROGRAM
    com.mewannaplay.Constants$ACTIVITY TEAM_TENNIS -> TEAM_TENNIS
    com.mewannaplay.Constants$ACTIVITY TOURNAMENTS -> TOURNAMENTS
    com.mewannaplay.Constants$ACTIVITY LADDERS -> LADDERS
    com.mewannaplay.Constants$ACTIVITY ROUND_ROBINS -> ROUND_ROBINS
    com.mewannaplay.Constants$ACTIVITY SOCIAL_MIXERS -> SOCIAL_MIXERS
    com.mewannaplay.Constants$ACTIVITY SENIORS -> SENIORS
    com.mewannaplay.Constants$ACTIVITY OTHERS -> OTHERS
    com.mewannaplay.Constants$ACTIVITY[] ENUM$VALUES -> a
    1:1:com.mewannaplay.Constants$ACTIVITY[] values() -> values
    1:1:com.mewannaplay.Constants$ACTIVITY valueOf(java.lang.String) -> valueOf
com.mewannaplay.Constants$AMENITY -> com.mewannaplay.Constants$AMENITY:
    com.mewannaplay.Constants$AMENITY LOCKER_ROOM -> LOCKER_ROOM
    com.mewannaplay.Constants$AMENITY PARKING -> PARKING
    com.mewannaplay.Constants$AMENITY LESSONS -> LESSONS
    com.mewannaplay.Constants$AMENITY LIGHTS -> LIGHTS
    com.mewannaplay.Constants$AMENITY SNACK_BAR -> SNACK_BAR
    com.mewannaplay.Constants$AMENITY SHOWER_ROOM -> SHOWER_ROOM
    com.mewannaplay.Constants$AMENITY SHOP -> SHOP
    com.mewannaplay.Constants$AMENITY[] ENUM$VALUES -> a
    1:1:com.mewannaplay.Constants$AMENITY[] values() -> values
    1:1:com.mewannaplay.Constants$AMENITY valueOf(java.lang.String) -> valueOf
...
com.google.gson.internal.Pair -> com.google.gson.internal.Pair:
    java.lang.Object first -> first
    java.lang.Object second -> second
    39:39:int hashCode() -> hashCode
    45:50:boolean equals(java.lang.Object) -> equals
    54:54:boolean equal(java.lang.Object,java.lang.Object) -> equal
    59:59:java.lang.String toString() -> toString
com.google.gson.internal.ParameterizedTypeHandlerMap -> com.google.gson.internal.ParameterizedTypeHandlerMap:
    java.util.logging.Logger logger -> logger
    java.util.Map systemMap -> systemMap
    java.util.Map userMap -> userMap
    java.util.List systemTypeHierarchyList -> systemTypeHierarchyList
    java.util.List userTypeHierarchyList -> userTypeHierarchyList
    boolean modifiable -> modifiable
    53:55:void registerForTypeHierarchy(java.lang.Class,java.lang.Object,boolean) -> registerForTypeHierarchy
    58:76:void registerForTypeHierarchy(com.google.gson.internal.Pair,boolean) -> registerForTypeHierarchy
    79:85:int getIndexOfAnOverriddenHandler(java.lang.Class,java.util.List) -> getIndexOfAnOverriddenHandler
    89:97:void register(java.lang.reflect.Type,java.lang.Object,boolean) -> register
    100:129:void registerIfAbsent(com.google.gson.internal.ParameterizedTypeHandlerMap) -> registerIfAbsent
    132:133:com.google.gson.internal.ParameterizedTypeHandlerMap makeUnmodifiable() -> makeUnmodifiable
    138:157:java.lang.Object getHandlerFor(java.lang.reflect.Type,boolean) -> getHandlerFor
    161:173:java.lang.Object getHandlerForTypeHierarchy(java.lang.Class,boolean) -> getHandlerForTypeHierarchy
    177:177:boolean hasSpecificHandlerFor(java.lang.reflect.Type) -> hasSpecificHandlerFor
    182:187:int getIndexOfSpecificHandlerForTypeHierarchy(java.lang.Class,java.util.List) -> getIndexOfSpecificHandlerForTypeHierarchy
com.google.gson.internal.Primitives -> com.google.gson.internal.Primitives:
    java.util.Map PRIMITIVE_TO_WRAPPER_TYPE -> PRIMITIVE_TO_WRAPPER_TYPE
    java.util.Map WRAPPER_TO_PRIMITIVE_TYPE -> WRAPPER_TO_PRIMITIVE_TYPE
    63:65:void add(java.util.Map,java.util.Map,java.lang.Class,java.lang.Class) -> add
    71:71:boolean isPrimitive(java.lang.reflect.Type) -> isPrimitive
    81:81:boolean isWrapperType(java.lang.reflect.Type) -> isWrapperType
    97:99:java.lang.Class wrap(java.lang.Class) -> wrap
    114:116:java.lang.Class unwrap(java.lang.Class) -> unwrap
com.google.gson.internal.Streams -> com.google.gson.internal.Streams:
    40:59:com.google.gson.JsonElement parse(com.google.gson.stream.JsonReader) -> parse
    67:68:void write(com.google.gson.JsonElement,com.google.gson.stream.JsonWriter) -> write
    71:71:java.io.Writer writerForAppendable(java.lang.Appendable) -> writerForAppendable
com.google.gson.internal.Streams$1 -> com.google.gson.internal.Streams$1:
com.google.gson.internal.Streams$AppendableWriter -> com.google.gson.internal.Streams$AppendableWriter:
    java.lang.Appendable appendable -> appendable
    com.google.gson.internal.Streams$AppendableWriter$CurrentWrite currentWrite -> currentWrite
    87:89:void write(char[],int,int) -> write
    92:93:void write(int) -> write
    95:95:void flush() -> flush
    96:96:void close() -> close
com.google.gson.internal.Streams$AppendableWriter$CurrentWrite -> com.google.gson.internal.Streams$AppendableWriter$CurrentWrite:
    char[] chars -> chars
    104:104:int length() -> length
    107:107:char charAt(int) -> charAt
    110:110:java.lang.CharSequence subSequence(int,int) -> subSequence
com.google.gson.internal.UnsafeAllocator -> com.google.gson.internal.UnsafeAllocator:
    java.lang.Object newInstance(java.lang.Class) -> newInstance
    39:97:com.google.gson.internal.UnsafeAllocator create() -> create
com.google.gson.internal.UnsafeAllocator$1 -> com.google.gson.internal.UnsafeAllocator$1:
    java.lang.reflect.Method val$allocateInstance -> val$allocateInstance
    java.lang.Object val$unsafe -> val$unsafe
    48:48:java.lang.Object newInstance(java.lang.Class) -> newInstance